<?xml version="1.0" encoding="UTF-8"?>
<!-- Generated by org.testng.reporters.JUnitXMLReporter -->
<testsuite ignored="0" hostname="ENCDAPHYDLT0597" failures="0" tests="6" name="Unacademy About us tests" time="56.847" errors="0" timestamp="2026-08-25T12:40:47 IST">
  <testcase classname="Tests.TS033_AboutUsPageTest" name="TS033_verifyAboutUsPageLoads" time="9.846"/>
  <testcase classname="Tests.TS036_MissionImpactTest" name="TS036_verifyMissionAndImpact" time="3.535"/>
  <testcase classname="Tests.TS037_AchievementsTest" name="TS037_verifyCompanyAchievements" time="5.07"/>
  <testcase classname="Tests.TS038_JoinUsTest" name="TS038_verifyComeJoinUsAndCareersNavigation" time="6.114"/>
  <testcase classname="Tests.TS039_JobOpeningsTest" name="TS039_verifyJobOpeningsNavigation" time="4.569"/>
  <testcase classname="Tests.TS041_ContactInformationTest" name="TS041_verifyContactInformation" time="4.643"/>
</testsuite> <!-- Unacademy About us tests -->
