<?xml version="1.0" encoding="UTF-8"?>
<!-- Generated by org.testng.reporters.JUnitXMLReporter -->
<testsuite ignored="0" hostname="ENCDAPHYDLT0597" failures="0" tests="7" name="Payment Matrix - Dummy Stub" time="35.197" errors="0" timestamp="2026-08-26T10:22:20 IST">
  <testcase classname="Tests.PaymentMatrixTest" name="paymentScenario" time="1.306"/>
  <testcase classname="Tests.PaymentMatrixTest" name="paymentScenario" time="1.28"/>
  <testcase classname="Tests.PaymentMatrixTest" name="paymentScenario" time="1.509"/>
  <testcase classname="Tests.PaymentMatrixTest" name="paymentScenario" time="1.346"/>
  <testcase classname="Tests.PaymentMatrixTest" name="paymentScenario" time="1.298"/>
  <testcase classname="Tests.PaymentMatrixTest" name="paymentScenario" time="1.521"/>
  <testcase classname="Tests.PaymentMatrixTest" name="paymentScenario" time="1.29"/>
</testsuite> <!-- Payment Matrix - Dummy Stub -->
