<?xml version="1.0" encoding="UTF-8"?>
<!-- Generated by org.testng.reporters.JUnitXMLReporter -->
<testsuite ignored="0" hostname="ENCDAPHYDLT0597" failures="0" tests="7" name="Payment Matrix - Dummy Stub" time="34.056" errors="0" timestamp="2026-08-25T17:46:43 IST">
  <testcase classname="Tests.PaymentMatrixTest" name="paymentScenario" time="1.263"/>
  <testcase classname="Tests.PaymentMatrixTest" name="paymentScenario" time="1.279"/>
  <testcase classname="Tests.PaymentMatrixTest" name="paymentScenario" time="1.26"/>
  <testcase classname="Tests.PaymentMatrixTest" name="paymentScenario" time="1.251"/>
  <testcase classname="Tests.PaymentMatrixTest" name="paymentScenario" time="1.268"/>
  <testcase classname="Tests.PaymentMatrixTest" name="paymentScenario" time="1.262"/>
  <testcase classname="Tests.PaymentMatrixTest" name="paymentScenario" time="1.272"/>
</testsuite> <!-- Payment Matrix - Dummy Stub -->
