<?xml version="1.0" encoding="UTF-8"?>
<!-- Generated by org.testng.reporters.JUnitXMLReporter -->
<testsuite ignored="0" hostname="ENCDAPHYDLT0597" failures="0" tests="3" name="Public Smoke Tests" time="51.671" errors="0" timestamp="2026-08-26T10:21:45 IST">
  <testcase classname="Tests.GoalSmokeTest" name="goalPageAndBatchesLoad" time="6.283"/>
  <testcase classname="Tests.EducatorsTest" name="educatorsPageLoadsAndScrolls" time="8.561"/>
  <testcase classname="Tests.SubscriptionPlanTest" name="subscriptionPlansAreDisplayed" time="11.627"/>
</testsuite> <!-- Public Smoke Tests -->
