<?xml version="1.0" encoding="UTF-8"?>
<!-- Generated by org.testng.reporters.JUnitXMLReporter -->
<testsuite ignored="0" hostname="ENCDAPHYDLT0597" failures="0" tests="6" name="Unacademy About Us Tests" time="49.559" errors="0" timestamp="2026-08-26T10:14:18 IST">
  <testcase classname="Tests.TS033_AboutUsPageTest" name="TS033_verifyAboutUsPageLoads" time="4.718"/>
  <testcase classname="Tests.TS036_MissionImpactTest" name="TS036_verifyMissionAndImpact" time="4.414"/>
  <testcase classname="Tests.TS037_AchievementsTest" name="TS037_verifyCompanyAchievements" time="4.654"/>
  <testcase classname="Tests.TS038_JoinUsTest" name="TS038_verifyComeJoinUsAndCareersNavigation" time="5.012"/>
  <testcase classname="Tests.TS039_JobOpeningsTest" name="TS039_verifyJobOpeningsNavigation" time="3.865"/>
  <testcase classname="Tests.TS041_ContactInformationTest" name="TS041_verifyContactInformation" time="5.031"/>
</testsuite> <!-- Unacademy About Us Tests -->
