<?xml version="1.0" encoding="UTF-8"?>
<!-- Generated by org.testng.reporters.JUnitXMLReporter -->
<testsuite ignored="0" hostname="ENCDAPHYDLT0597" failures="1" tests="10" name="Unacademy Search tests" time="673.249" errors="0" timestamp="2026-08-26T10:13:28 IST">
  <testcase classname="Tests.TC020_SearchValidCourse" name="TC020_SearchValidCourse" time="1.853"/>
  <testcase classname="Tests.TC021_SearchValidInstructor" name="TC021_SearchValidInstructor" time="2.437"/>
  <testcase classname="Tests.TC023_SearchInvalidKeyword" name="TC023_SearchInvalidKeyword" time="7.792"/>
  <testcase classname="Tests.TC024_EmptySearch" name="TC024_EmptySearch" time="1.319"/>
  <testcase classname="Tests.TC025_SearchPartialKeyword" name="TC025_SearchPartialKeyword" time="5.433"/>
  <testcase classname="Tests.TC026_TrendingEducators" name="TC026_TrendingEducators" time="0.672"/>
  <testcase classname="Tests.TC027_RedirectToEducatorProfile" name="TC027_RedirectToEducatorProfile" time="3.343"/>
  <testcase classname="Tests.TC028_SearchSpecialCharacters" name="TC028_SearchSpecialCharacters" time="7.363"/>
  <testcase classname="Tests.TC030_SearchResultLoadTime" name="TC030_SearchResultLoadTime" time="30.697"/>
  <testcase classname="Tests.TC031_ClearSearchNewSearch" name="TC031_ClearSearchNewSearch" time="8.018">
    <failure type="org.openqa.selenium.StaleElementReferenceException" message="stale element reference: stale element not found in the current frame
  (Session info: MicrosoftEdge=151.0.4129.101)
For documentation on this error, please visit: https://www.selenium.dev/documentation/webdriver/troubleshooting/errors#stale-element-reference-exception
Build info: version: &amp;apos;4.28.0&amp;apos;, revision: &amp;apos;ac342546e9&amp;apos;
System info: os.name: &amp;apos;Windows 11&amp;apos;, os.arch: &amp;apos;amd64&amp;apos;, os.version: &amp;apos;10.0&amp;apos;, java.version: &amp;apos;21.0.12&amp;apos;
Driver info: org.openqa.selenium.edge.EdgeDriver
Command: [b60c75ed056d817198a2de0668350e0d, sendKeysToElement {id=f.C1CC2F0FF0FAF5A38AA310F77A349A45.d.D76ADECB98ED288661735D1D4C02D0FF.e.129, value=[Ljava.lang.CharSequence;@518ed96e}]
Capabilities {acceptInsecureCerts: false, browserName: MicrosoftEdge, browserVersion: 151.0.4129.101, fedcm:accounts: true, goog:processID: 10968, ms:edgeOptions: {debuggerAddress: localhost:52014}, msedge: {msedgedriverVersion: 151.0.4129.101 (cc1d9f4080f..., userDataDir: C:\Users\BALLA~1.THA\AppDat...}, networkConnectionEnabled: false, pageLoadStrategy: normal, platformName: windows, proxy: Proxy(), se:cdp: ws://localhost:52014/devtoo..., se:cdpVersion: 151.0.4129.101, setWindowRect: true, strictFileInteractability: false, timeouts: {implicit: 0, pageLoad: 300000, script: 30000}, unhandledPromptBehavior: dismiss and notify, webauthn:extension:credBlob: true, webauthn:extension:largeBlob: true, webauthn:extension:minPinLength: true, webauthn:extension:prf: true, webauthn:virtualAuthenticators: true}
Element: [[EdgeDriver: MicrosoftEdge on windows (b60c75ed056d817198a2de0668350e0d)] -&amp;gt; css selector: input[placeholder=&amp;apos;Search courses, test series and educators&amp;apos;]]
Session ID: b60c75ed056d817198a2de0668350e0d">
      <![CDATA[org.openqa.selenium.StaleElementReferenceException: stale element reference: stale element not found in the current frame
  (Session info: MicrosoftEdge=151.0.4129.101)
For documentation on this error, please visit: https://www.selenium.dev/documentation/webdriver/troubleshooting/errors#stale-element-reference-exception
Build info: version: '4.28.0', revision: 'ac342546e9'
System info: os.name: 'Windows 11', os.arch: 'amd64', os.version: '10.0', java.version: '21.0.12'
Driver info: org.openqa.selenium.edge.EdgeDriver
Command: [b60c75ed056d817198a2de0668350e0d, sendKeysToElement {id=f.C1CC2F0FF0FAF5A38AA310F77A349A45.d.D76ADECB98ED288661735D1D4C02D0FF.e.129, value=[Ljava.lang.CharSequence;@518ed96e}]
Capabilities {acceptInsecureCerts: false, browserName: MicrosoftEdge, browserVersion: 151.0.4129.101, fedcm:accounts: true, goog:processID: 10968, ms:edgeOptions: {debuggerAddress: localhost:52014}, msedge: {msedgedriverVersion: 151.0.4129.101 (cc1d9f4080f..., userDataDir: C:\Users\BALLA~1.THA\AppDat...}, networkConnectionEnabled: false, pageLoadStrategy: normal, platformName: windows, proxy: Proxy(), se:cdp: ws://localhost:52014/devtoo..., se:cdpVersion: 151.0.4129.101, setWindowRect: true, strictFileInteractability: false, timeouts: {implicit: 0, pageLoad: 300000, script: 30000}, unhandledPromptBehavior: dismiss and notify, webauthn:extension:credBlob: true, webauthn:extension:largeBlob: true, webauthn:extension:minPinLength: true, webauthn:extension:prf: true, webauthn:virtualAuthenticators: true}
Element: [[EdgeDriver: MicrosoftEdge on windows (b60c75ed056d817198a2de0668350e0d)] -> css selector: input[placeholder='Search courses, test series and educators']]
Session ID: b60c75ed056d817198a2de0668350e0d
at org.openqa.selenium.remote.ErrorCodec.decode(ErrorCodec.java:167)
at org.openqa.selenium.remote.codec.w3c.W3CHttpResponseCodec.decode(W3CHttpResponseCodec.java:138)
at org.openqa.selenium.remote.codec.w3c.W3CHttpResponseCodec.decode(W3CHttpResponseCodec.java:50)
at org.openqa.selenium.remote.HttpCommandExecutor.execute(HttpCommandExecutor.java:215)
at org.openqa.selenium.remote.service.DriverCommandExecutor.invokeExecute(DriverCommandExecutor.java:216)
at org.openqa.selenium.remote.service.DriverCommandExecutor.execute(DriverCommandExecutor.java:174)
at org.openqa.selenium.remote.RemoteWebDriver.execute(RemoteWebDriver.java:545)
at org.openqa.selenium.remote.RemoteWebElement.execute(RemoteWebElement.java:223)
at org.openqa.selenium.remote.RemoteWebElement.sendKeys(RemoteWebElement.java:110)
at Pages.SearchPage.enterSearchText(SearchPage.java:39)
at Tests.TC031_ClearSearchNewSearch.TC031_ClearSearchNewSearch(TC031_ClearSearchNewSearch.java:24)
at java.base/java.util.ArrayList.forEach(ArrayList.java:1596)
... Removed 28 stack frames]]>
    </failure>
  </testcase> <!-- TC031_ClearSearchNewSearch -->
</testsuite> <!-- Unacademy Search tests -->
