<?xml version="1.0" encoding="UTF-8"?>
<!-- Generated by org.testng.reporters.JUnitXMLReporter -->
<testsuite ignored="0" hostname="ENCDAPHYDLT0597" failures="2" tests="12" name="Unacademy Goal Tests" time="395.476" errors="0" timestamp="2026-08-26T10:20:53 IST">
  <testcase classname="Tests.BatchesCardTest" name="verifyBatchesCard" time="7.945"/>
  <testcase classname="Tests.AddRemoveGoalTest" name="verifyUserCanAddAndRemoveGoal" time="107.977">
    <failure type="org.openqa.selenium.TimeoutException" message="Expected condition failed: waiting for visibility of element located by By.xpath: /html/body/div[3]/div[3]/ul/div/div/li[2]/p (tried for 60 second(s) with 500 milliseconds interval)
Build info: version: &amp;apos;4.28.0&amp;apos;, revision: &amp;apos;ac342546e9&amp;apos;
System info: os.name: &amp;apos;Windows 11&amp;apos;, os.arch: &amp;apos;amd64&amp;apos;, os.version: &amp;apos;10.0&amp;apos;, java.version: &amp;apos;21.0.12&amp;apos;
Driver info: org.openqa.selenium.edge.EdgeDriver
Capabilities {acceptInsecureCerts: false, browserName: MicrosoftEdge, browserVersion: 151.0.4129.101, fedcm:accounts: true, goog:processID: 1316, ms:edgeOptions: {debuggerAddress: localhost:62784}, msedge: {msedgedriverVersion: 151.0.4129.101 (cc1d9f4080f..., userDataDir: C:\Users\BALLA~1.THA\AppDat...}, networkConnectionEnabled: false, pageLoadStrategy: normal, platformName: windows, proxy: Proxy(), se:cdp: ws://localhost:62784/devtoo..., se:cdpVersion: 151.0.4129.101, setWindowRect: true, strictFileInteractability: false, timeouts: {implicit: 0, pageLoad: 300000, script: 30000}, unhandledPromptBehavior: dismiss and notify, webauthn:extension:credBlob: true, webauthn:extension:largeBlob: true, webauthn:extension:minPinLength: true, webauthn:extension:prf: true, webauthn:virtualAuthenticators: true}
Session ID: 6e176758307f86941bd4c947ed81c8df">
      <![CDATA[org.openqa.selenium.TimeoutException: Expected condition failed: waiting for visibility of element located by By.xpath: /html/body/div[3]/div[3]/ul/div/div/li[2]/p (tried for 60 second(s) with 500 milliseconds interval)
Build info: version: '4.28.0', revision: 'ac342546e9'
System info: os.name: 'Windows 11', os.arch: 'amd64', os.version: '10.0', java.version: '21.0.12'
Driver info: org.openqa.selenium.edge.EdgeDriver
Capabilities {acceptInsecureCerts: false, browserName: MicrosoftEdge, browserVersion: 151.0.4129.101, fedcm:accounts: true, goog:processID: 1316, ms:edgeOptions: {debuggerAddress: localhost:62784}, msedge: {msedgedriverVersion: 151.0.4129.101 (cc1d9f4080f..., userDataDir: C:\Users\BALLA~1.THA\AppDat...}, networkConnectionEnabled: false, pageLoadStrategy: normal, platformName: windows, proxy: Proxy(), se:cdp: ws://localhost:62784/devtoo..., se:cdpVersion: 151.0.4129.101, setWindowRect: true, strictFileInteractability: false, timeouts: {implicit: 0, pageLoad: 300000, script: 30000}, unhandledPromptBehavior: dismiss and notify, webauthn:extension:credBlob: true, webauthn:extension:largeBlob: true, webauthn:extension:minPinLength: true, webauthn:extension:prf: true, webauthn:virtualAuthenticators: true}
Session ID: 6e176758307f86941bd4c947ed81c8df
at org.openqa.selenium.support.ui.WebDriverWait.timeoutException(WebDriverWait.java:84)
at org.openqa.selenium.support.ui.FluentWait.until(FluentWait.java:228)
at Tests.AddRemoveGoalTest.verifyUserCanAddAndRemoveGoal(AddRemoveGoalTest.java:137)
at java.base/java.util.ArrayList.forEach(ArrayList.java:1596)
... Removed 25 stack frames]]>
    </failure>
  </testcase> <!-- verifyUserCanAddAndRemoveGoal -->
  <testcase classname="Tests.CourseNavigationTest" name="verifyIITJEEToNEETAndBackToExplore" time="13.833"/>
  <testcase classname="Tests.CoursesCardTest" name="verifyCoursesCard" time="10.376"/>
  <testcase classname="Tests.DirectDeepLinkTest" name="verifyScholarshipTestDeepLinkForGuestUser" time="7.947"/>
  <testcase classname="Tests.DoubtsAndSolutionsCardTest" name="verifyDoubtsAndSolutionsCard" time="6.735"/>
  <testcase classname="Tests.GoalPersistenceTest" name="verifyGoalIsRetainedAfterLogoutAndRelogin" time="72.607">
    <failure type="org.openqa.selenium.ElementClickInterceptedException" message="element click intercepted: Element is not clickable at point (814, 789)
  (Session info: MicrosoftEdge=151.0.4129.101)
Build info: version: &amp;apos;4.28.0&amp;apos;, revision: &amp;apos;ac342546e9&amp;apos;
System info: os.name: &amp;apos;Windows 11&amp;apos;, os.arch: &amp;apos;amd64&amp;apos;, os.version: &amp;apos;10.0&amp;apos;, java.version: &amp;apos;21.0.12&amp;apos;
Driver info: org.openqa.selenium.edge.EdgeDriver
Command: [fc7a543bb260ff77c0064be9ce7d50ee, clickElement {id=f.42351980F86550E473AF9001938FF084.d.A775652C2A6B3A107FB1B9BE41DC94FB.e.115}]
Capabilities {acceptInsecureCerts: false, browserName: MicrosoftEdge, browserVersion: 151.0.4129.101, fedcm:accounts: true, goog:processID: 13764, ms:edgeOptions: {debuggerAddress: localhost:51850}, msedge: {msedgedriverVersion: 151.0.4129.101 (cc1d9f4080f..., userDataDir: C:\Users\BALLA~1.THA\AppDat...}, networkConnectionEnabled: false, pageLoadStrategy: normal, platformName: windows, proxy: Proxy(), se:cdp: ws://localhost:51850/devtoo..., se:cdpVersion: 151.0.4129.101, setWindowRect: true, strictFileInteractability: false, timeouts: {implicit: 0, pageLoad: 300000, script: 30000}, unhandledPromptBehavior: dismiss and notify, webauthn:extension:credBlob: true, webauthn:extension:largeBlob: true, webauthn:extension:minPinLength: true, webauthn:extension:prf: true, webauthn:virtualAuthenticators: true}
Element: [[EdgeDriver: MicrosoftEdge on windows (fc7a543bb260ff77c0064be9ce7d50ee)] -&amp;gt; xpath: //*[@id=&amp;apos;MIBRP&amp;apos;]/div/div[2]/div]
Session ID: fc7a543bb260ff77c0064be9ce7d50ee">
      <![CDATA[org.openqa.selenium.ElementClickInterceptedException: element click intercepted: Element is not clickable at point (814, 789)
  (Session info: MicrosoftEdge=151.0.4129.101)
Build info: version: '4.28.0', revision: 'ac342546e9'
System info: os.name: 'Windows 11', os.arch: 'amd64', os.version: '10.0', java.version: '21.0.12'
Driver info: org.openqa.selenium.edge.EdgeDriver
Command: [fc7a543bb260ff77c0064be9ce7d50ee, clickElement {id=f.42351980F86550E473AF9001938FF084.d.A775652C2A6B3A107FB1B9BE41DC94FB.e.115}]
Capabilities {acceptInsecureCerts: false, browserName: MicrosoftEdge, browserVersion: 151.0.4129.101, fedcm:accounts: true, goog:processID: 13764, ms:edgeOptions: {debuggerAddress: localhost:51850}, msedge: {msedgedriverVersion: 151.0.4129.101 (cc1d9f4080f..., userDataDir: C:\Users\BALLA~1.THA\AppDat...}, networkConnectionEnabled: false, pageLoadStrategy: normal, platformName: windows, proxy: Proxy(), se:cdp: ws://localhost:51850/devtoo..., se:cdpVersion: 151.0.4129.101, setWindowRect: true, strictFileInteractability: false, timeouts: {implicit: 0, pageLoad: 300000, script: 30000}, unhandledPromptBehavior: dismiss and notify, webauthn:extension:credBlob: true, webauthn:extension:largeBlob: true, webauthn:extension:minPinLength: true, webauthn:extension:prf: true, webauthn:virtualAuthenticators: true}
Element: [[EdgeDriver: MicrosoftEdge on windows (fc7a543bb260ff77c0064be9ce7d50ee)] -> xpath: //*[@id='MIBRP']/div/div[2]/div]
Session ID: fc7a543bb260ff77c0064be9ce7d50ee
at org.openqa.selenium.remote.ErrorCodec.decode(ErrorCodec.java:167)
at org.openqa.selenium.remote.codec.w3c.W3CHttpResponseCodec.decode(W3CHttpResponseCodec.java:138)
at org.openqa.selenium.remote.codec.w3c.W3CHttpResponseCodec.decode(W3CHttpResponseCodec.java:50)
at org.openqa.selenium.remote.HttpCommandExecutor.execute(HttpCommandExecutor.java:215)
at org.openqa.selenium.remote.service.DriverCommandExecutor.invokeExecute(DriverCommandExecutor.java:216)
at org.openqa.selenium.remote.service.DriverCommandExecutor.execute(DriverCommandExecutor.java:174)
at org.openqa.selenium.remote.RemoteWebDriver.execute(RemoteWebDriver.java:545)
at org.openqa.selenium.remote.RemoteWebElement.execute(RemoteWebElement.java:223)
at org.openqa.selenium.remote.RemoteWebElement.click(RemoteWebElement.java:76)
at Tests.GoalPersistenceTest.verifyGoalIsRetainedAfterLogoutAndRelogin(GoalPersistenceTest.java:123)
at java.base/java.util.ArrayList.forEach(ArrayList.java:1596)
... Removed 28 stack frames]]>
    </failure>
  </testcase> <!-- verifyGoalIsRetainedAfterLogoutAndRelogin -->
  <testcase classname="Tests.LoggedInGoalChangeTest" name="verifyLoggedInUserCanChangeGoal" time="89.067"/>
  <testcase classname="Tests.PlaylistCardTest" name="verifyPlaylistCard" time="7.797"/>
  <testcase classname="Tests.PracticeCardTest" name="verifyPracticeCard" time="9.196"/>
  <testcase classname="Tests.TestSeriesCardTest" name="verifyTestSeriesCard" time="6.34"/>
  <testcase classname="Tests.TopEducatorsCardTest" name="verifyTopEducatorsCard" time="8.727"/>
</testsuite> <!-- Unacademy Goal Tests -->
