<?xml version="1.0" encoding="UTF-8"?>
<testng-results ignored="0" total="1" passed="1" failed="0" skipped="0">
  <reporter-output>
  </reporter-output>
  <suite started-at="2026-08-22T18:08:17 IST" name="Unacademy Automation Suite" finished-at="2026-08-22T18:08:30 IST" duration-ms="12651">
    <groups>
    </groups>
    <test started-at="2026-08-22T18:08:17 IST" name="Unacademy TestNG Tests" finished-at="2026-08-22T18:08:30 IST" duration-ms="12651">
      <class name="Tests.BatchesCardTest">
        <test-method is-config="true" signature="setUp()[pri:0, instance:Tests.BatchesCardTest@2aceadd4]" started-at="2026-08-22T18:08:17 IST" name="setUp" finished-at="2026-08-22T18:08:21 IST" duration-ms="3591" status="PASS">
          <reporter-output>
          </reporter-output>
        </test-method> <!-- setUp -->
        <test-method signature="verifyBatchesCard()[pri:0, instance:Tests.BatchesCardTest@2aceadd4]" started-at="2026-08-22T18:08:21 IST" name="verifyBatchesCard" finished-at="2026-08-22T18:08:29 IST" duration-ms="7823" status="PASS">
          <reporter-output>
          </reporter-output>
        </test-method> <!-- verifyBatchesCard -->
        <test-method is-config="true" signature="tearDown(org.testng.ITestResult)[pri:0, instance:Tests.BatchesCardTest@2aceadd4]" started-at="2026-08-22T18:08:29 IST" name="tearDown" finished-at="2026-08-22T18:08:30 IST" duration-ms="1186" status="PASS">
          <params>
            <param index="0">
              <value>
                <![CDATA[[TestResult name=verifyBatchesCard status=SUCCESS method=BatchesCardTest.verifyBatchesCard()[pri:0, instance:Tests.BatchesCardTest@2aceadd4] output={null}]]]>
              </value>
            </param>
          </params>
          <reporter-output>
          </reporter-output>
        </test-method> <!-- tearDown -->
      </class> <!-- Tests.BatchesCardTest -->
    </test> <!-- Unacademy TestNG Tests -->
  </suite> <!-- Unacademy Automation Suite -->
</testng-results>
