<?xml version="1.0" encoding="UTF-8"?>
<!-- Generated by org.testng.reporters.JUnitReportReporter -->
<testsuite hostname="ENCDAPHYDLT0597" failures="0" tests="1" name="Tests.GoalPersistenceTest" time="76.952" errors="1" timestamp="2026-08-26T10:22:21 IST" skipped="0">
  <testcase classname="Tests.GoalPersistenceTest" name="verifyGoalIsRetainedAfterLogoutAndRelogin" time="76.952">
    <error message="element click intercepted: Element is not clickable at point (814, 789)
  (Session info: MicrosoftEdge=151.0.4129.101)
Build info: version: &#039;4.28.0&#039;, revision: &#039;ac342546e9&#039;
System info: os.name: &#039;Windows 11&#039;, os.arch: &#039;amd64&#039;, os.version: &#039;10.0&#039;, java.version: &#039;21.0.12&#039;
Driver info: org.openqa.selenium.edge.EdgeDriver
Command: [fc7a543bb260ff77c0064be9ce7d50ee, clickElement {id=f.42351980F86550E473AF9001938FF084.d.A775652C2A6B3A107FB1B9BE41DC94FB.e.115}]
Capabilities {acceptInsecureCerts: false, browserName: MicrosoftEdge, browserVersion: 151.0.4129.101, fedcm:accounts: true, goog:processID: 13764, ms:edgeOptions: {debuggerAddress: localhost:51850}, msedge: {msedgedriverVersion: 151.0.4129.101 (cc1d9f4080f..., userDataDir: C:\Users\BALLA~1.THA\AppDat...}, networkConnectionEnabled: false, pageLoadStrategy: normal, platformName: windows, proxy: Proxy(), se:cdp: ws://localhost:51850/devtoo..., se:cdpVersion: 151.0.4129.101, setWindowRect: true, strictFileInteractability: false, timeouts: {implicit: 0, pageLoad: 300000, script: 30000}, unhandledPromptBehavior: dismiss and notify, webauthn:extension:credBlob: true, webauthn:extension:largeBlob: true, webauthn:extension:minPinLength: true, webauthn:extension:prf: true, webauthn:virtualAuthenticators: true}
Element: [[EdgeDriver: MicrosoftEdge on windows (fc7a543bb260ff77c0064be9ce7d50ee)] -&gt; xpath: //*[@id=&#039;MIBRP&#039;]/div/div[2]/div]
Session ID: fc7a543bb260ff77c0064be9ce7d50ee" type="org.openqa.selenium.ElementClickInterceptedException">
      <![CDATA[org.openqa.selenium.ElementClickInterceptedException: element click intercepted: Element is not clickable at point (814, 789)
  (Session info: MicrosoftEdge=151.0.4129.101)
Build info: version: '4.28.0', revision: 'ac342546e9'
System info: os.name: 'Windows 11', os.arch: 'amd64', os.version: '10.0', java.version: '21.0.12'
Driver info: org.openqa.selenium.edge.EdgeDriver
Command: [fc7a543bb260ff77c0064be9ce7d50ee, clickElement {id=f.42351980F86550E473AF9001938FF084.d.A775652C2A6B3A107FB1B9BE41DC94FB.e.115}]
Capabilities {acceptInsecureCerts: false, browserName: MicrosoftEdge, browserVersion: 151.0.4129.101, fedcm:accounts: true, goog:processID: 13764, ms:edgeOptions: {debuggerAddress: localhost:51850}, msedge: {msedgedriverVersion: 151.0.4129.101 (cc1d9f4080f..., userDataDir: C:\Users\BALLA~1.THA\AppDat...}, networkConnectionEnabled: false, pageLoadStrategy: normal, platformName: windows, proxy: Proxy(), se:cdp: ws://localhost:51850/devtoo..., se:cdpVersion: 151.0.4129.101, setWindowRect: true, strictFileInteractability: false, timeouts: {implicit: 0, pageLoad: 300000, script: 30000}, unhandledPromptBehavior: dismiss and notify, webauthn:extension:credBlob: true, webauthn:extension:largeBlob: true, webauthn:extension:minPinLength: true, webauthn:extension:prf: true, webauthn:virtualAuthenticators: true}
Element: [[EdgeDriver: MicrosoftEdge on windows (fc7a543bb260ff77c0064be9ce7d50ee)] -> xpath: //*[@id='MIBRP']/div/div[2]/div]
Session ID: fc7a543bb260ff77c0064be9ce7d50ee
at java.base/jdk.internal.reflect.DirectConstructorHandleAccessor.newInstance(DirectConstructorHandleAccessor.java:62)
at java.base/java.lang.reflect.Constructor.newInstanceWithCaller(Constructor.java:502)
at java.base/java.lang.reflect.Constructor.newInstance(Constructor.java:486)
at org.openqa.selenium.remote.ErrorCodec.decode(ErrorCodec.java:167)
at org.openqa.selenium.remote.codec.w3c.W3CHttpResponseCodec.decode(W3CHttpResponseCodec.java:138)
at org.openqa.selenium.remote.codec.w3c.W3CHttpResponseCodec.decode(W3CHttpResponseCodec.java:50)
at org.openqa.selenium.remote.HttpCommandExecutor.execute(HttpCommandExecutor.java:215)
at org.openqa.selenium.remote.service.DriverCommandExecutor.invokeExecute(DriverCommandExecutor.java:216)
at org.openqa.selenium.remote.service.DriverCommandExecutor.execute(DriverCommandExecutor.java:174)
at org.openqa.selenium.remote.RemoteWebDriver.execute(RemoteWebDriver.java:545)
at org.openqa.selenium.remote.RemoteWebElement.execute(RemoteWebElement.java:223)
at org.openqa.selenium.remote.RemoteWebElement.click(RemoteWebElement.java:76)
at Tests.GoalPersistenceTest.verifyGoalIsRetainedAfterLogoutAndRelogin(GoalPersistenceTest.java:123)
at java.base/jdk.internal.reflect.DirectMethodHandleAccessor.invoke(DirectMethodHandleAccessor.java:103)
at java.base/java.lang.reflect.Method.invoke(Method.java:580)
at org.testng.internal.invokers.MethodInvocationHelper.invokeMethod(MethodInvocationHelper.java:141)
at org.testng.internal.invokers.TestInvoker.invokeMethod(TestInvoker.java:697)
at org.testng.internal.invokers.TestInvoker.invokeTestMethod(TestInvoker.java:230)
at org.testng.internal.invokers.MethodRunner.runInSequence(MethodRunner.java:63)
at org.testng.internal.invokers.TestInvoker$MethodInvocationAgent.invoke(TestInvoker.java:1005)
at org.testng.internal.invokers.TestInvoker.invokeTestMethods(TestInvoker.java:203)
at org.testng.internal.invokers.TestMethodWorker.invokeTestMethods(TestMethodWorker.java:154)
at org.testng.internal.invokers.TestMethodWorker.run(TestMethodWorker.java:134)
at java.base/java.util.ArrayList.forEach(ArrayList.java:1596)
at org.testng.TestRunner.privateRun(TestRunner.java:744)
at org.testng.TestRunner.run(TestRunner.java:616)
at org.testng.SuiteRunner.runTest(SuiteRunner.java:421)
at org.testng.SuiteRunner.runSequentially(SuiteRunner.java:413)
at org.testng.SuiteRunner.privateRun(SuiteRunner.java:373)
at org.testng.SuiteRunner.run(SuiteRunner.java:312)
at org.testng.SuiteRunnerWorker.runSuite(SuiteRunnerWorker.java:52)
at org.testng.SuiteRunnerWorker.run(SuiteRunnerWorker.java:95)
at org.testng.TestNG.runSuitesSequentially(TestNG.java:1274)
at org.testng.TestNG.runSuitesLocally(TestNG.java:1208)
at org.testng.TestNG.runSuites(TestNG.java:1112)
at org.testng.TestNG.run(TestNG.java:1079)
at org.testng.remote.AbstractRemoteTestNG.run(AbstractRemoteTestNG.java:115)
at org.testng.remote.RemoteTestNG.initAndRun(RemoteTestNG.java:293)
at org.testng.remote.RemoteTestNG.main(RemoteTestNG.java:91)
]]>
    </error>
  </testcase> <!-- verifyGoalIsRetainedAfterLogoutAndRelogin -->
  <system-out>
    <![CDATA[Starting TS033 - Verify About Us page loads
About Us page opened
TS033 Passed - About Us page loaded successfully
Starting TS036 - Verify Mission & Impact section
About Us page opened
Mission & Impact heading verified
Mission description verified
Active Learners verified
Top Educators verified
TS036 Passed - Mission & Impact section verified successfully
Starting TS037 - Verify Company Achievements / Journey
About Us page opened
2015 milestone verified
2015 milestone description verified
2017 milestone verified
2018 milestone verified
2020 milestone verified
TS037 Passed - Company achievements / journey verified successfully
Starting TS038 - Verify Come Join Us and Careers navigation
About Us page opened
COME JOIN US section verified successfully
Clicked See open positions
Careers page opened successfully
TS038 Passed - Careers page and View all job openings verified
Starting TS039 - Verify Job Openings navigation
Darwinbox Careers Home opened
Open Jobs button verified successfully
Clicked We Have Open Jobs
All Jobs page opened successfully
Job search bar verified successfully
Searched for job: Business Development Executive
Job is available: Business Development Executive
View and Apply button verified successfully
TS039 Passed - Job openings navigation, search and availability verified
Starting TS041 - Verify Contact Information on About Us page
Unacademy About Us page opened
Public relations section verified successfully
Press email verified successfully
Contact us section verified successfully
Help email verified successfully
TS041 Passed - Contact information verified successfully]]>
  </system-out>
</testsuite> <!-- Tests.GoalPersistenceTest -->
