<?xml version="1.0" encoding="UTF-8"?>
<!-- Generated by org.testng.reporters.JUnitReportReporter -->
<testsuite hostname="ENCDAPHYDLT0597" failures="0" tests="1" name="Tests.GoalSmokeTest" time="17.442" errors="0" timestamp="2026-08-25T15:47:25 IST" skipped="0">
  <testcase classname="Tests.GoalSmokeTest" name="goalPageAndBatchesLoad" time="17.442"/>
  <system-out>
    <![CDATA[Starting TS033 - Verify About Us page loads
About Us page opened
TS033 Passed - About Us page loaded successfully]]>
  </system-out>
</testsuite> <!-- Tests.GoalSmokeTest -->
