<?xml version="1.0" encoding="UTF-8"?>
<!-- Generated by org.testng.reporters.JUnitReportReporter -->
<testsuite hostname="ENCDAPHYDLT0597" failures="0" tests="1" name="Tests.EducatorsTest" time="13.937" errors="0" timestamp="2026-08-25T14:50:09 IST" skipped="0">
  <testcase classname="Tests.EducatorsTest" name="educatorsPageLoadsAndScrolls" time="13.937"/>
  <system-out>
    <![CDATA[Starting TS033 - Verify About Us page loads
Starting TS036 - Verify Mission & Impact section
Starting TS037 - Verify Company Achievements / Journey
Starting TS038 - Verify Come Join Us and Careers navigation
Starting TS039 - Verify Job Openings navigation
Starting TS041 - Verify Contact Information on About Us page]]>
  </system-out>
</testsuite> <!-- Tests.EducatorsTest -->
