<?xml version="1.0" encoding="UTF-8"?>
<!-- Generated by org.testng.reporters.JUnitReportReporter -->
<testsuite hostname="ENCDAPHYDLT0597" failures="0" tests="16" name="Runners.TestRunner" time="562.125" errors="2" timestamp="2026-08-25T12:46:50 IST" skipped="0">
  <testcase classname="Runners.TestRunner" name="runScenario" time="12.259"/>
  <testcase classname="Runners.TestRunner" name="runScenario" time="31.606"/>
  <testcase classname="Runners.TestRunner" name="runScenario" time="30.237"/>
  <testcase classname="Runners.TestRunner" name="runScenario" time="10.120"/>
  <testcase classname="Runners.TestRunner" name="runScenario" time="75.229">
    <error message="Expected condition failed: waiting for Pages.SignupPage$$Lambda/0x00000233494dd870@1c0ec502 (tried for 65 second(s) with 500 milliseconds interval)
Build info: version: &#039;4.10.0&#039;, revision: &#039;c14d967899&#039;
System info: os.name: &#039;Windows 11&#039;, os.arch: &#039;amd64&#039;, os.version: &#039;10.0&#039;, java.version: &#039;21.0.12&#039;
Driver info: org.openqa.selenium.chrome.ChromeDriver
Capabilities {acceptInsecureCerts: false, browserName: chrome, browserVersion: 151.0.7922.174, chrome: {chromedriverVersion: 151.0.7922.138 (41fa8244239..., userDataDir: C:\Users\BALLA~1.THA\AppDat...}, fedcm:accounts: true, goog:chromeOptions: {debuggerAddress: localhost:52423}, goog:processID: 4144, networkConnectionEnabled: false, pageLoadStrategy: normal, platformName: windows, proxy: Proxy(), se:cdp: ws://localhost:52423/devtoo..., se:cdpVersion: 151.0.7922.174, setWindowRect: true, strictFileInteractability: false, timeouts: {implicit: 0, pageLoad: 300000, script: 30000}, unhandledPromptBehavior: dismiss and notify, webauthn:extension:credBlob: true, webauthn:extension:largeBlob: true, webauthn:extension:minPinLength: true, webauthn:extension:prf: true, webauthn:virtualAuthenticators: true}
Session ID: 56380e769034cf08efb868a965c36009" type="org.openqa.selenium.TimeoutException">
      <![CDATA[org.openqa.selenium.TimeoutException: Expected condition failed: waiting for Pages.SignupPage$$Lambda/0x00000233494dd870@1c0ec502 (tried for 65 second(s) with 500 milliseconds interval)
Build info: version: '4.10.0', revision: 'c14d967899'
System info: os.name: 'Windows 11', os.arch: 'amd64', os.version: '10.0', java.version: '21.0.12'
Driver info: org.openqa.selenium.chrome.ChromeDriver
Capabilities {acceptInsecureCerts: false, browserName: chrome, browserVersion: 151.0.7922.174, chrome: {chromedriverVersion: 151.0.7922.138 (41fa8244239..., userDataDir: C:\Users\BALLA~1.THA\AppDat...}, fedcm:accounts: true, goog:chromeOptions: {debuggerAddress: localhost:52423}, goog:processID: 4144, networkConnectionEnabled: false, pageLoadStrategy: normal, platformName: windows, proxy: Proxy(), se:cdp: ws://localhost:52423/devtoo..., se:cdpVersion: 151.0.7922.174, setWindowRect: true, strictFileInteractability: false, timeouts: {implicit: 0, pageLoad: 300000, script: 30000}, unhandledPromptBehavior: dismiss and notify, webauthn:extension:credBlob: true, webauthn:extension:largeBlob: true, webauthn:extension:minPinLength: true, webauthn:extension:prf: true, webauthn:virtualAuthenticators: true}
Session ID: 56380e769034cf08efb868a965c36009
at org.openqa.selenium.support.ui.WebDriverWait.timeoutException(WebDriverWait.java:84)
at org.openqa.selenium.support.ui.FluentWait.until(FluentWait.java:230)
at Pages.SignupPage.waitForManualOTP(SignupPage.java:75)
at StepDefinitions.signupTest.i_enter_the_otp_manually(signupTest.java:49)
at ✽.I enter the OTP manually(file:///C:/Users/Balla.Thanuja/OneDrive%20-%20Coforge%20Limited/eclipse%20workspace/Selenium/UnacademyAutomation/src/test/java/Features/signup.feature:9)
]]>
    </error>
  </testcase> <!-- runScenario -->
  <testcase classname="Runners.TestRunner" name="runScenario" time="83.551">
    <error message="Expected condition failed: waiting for visibility of Proxy element for: DefaultElementLocator &#039;By.xpath: //input[@placeholder=&#039;Name&#039;]&#039; (tried for 65 second(s) with 500 milliseconds interval)" type="org.openqa.selenium.TimeoutException">
      <![CDATA[org.openqa.selenium.TimeoutException: Expected condition failed: waiting for visibility of Proxy element for: DefaultElementLocator 'By.xpath: //input[@placeholder='Name']' (tried for 65 second(s) with 500 milliseconds interval)
at org.openqa.selenium.support.ui.WebDriverWait.timeoutException(WebDriverWait.java:84)
at org.openqa.selenium.support.ui.FluentWait.until(FluentWait.java:230)
at Pages.SignupPage.enterName(SignupPage.java:139)
at StepDefinitions.signupTest.i_enter_my_name(signupTest.java:128)
at ✽.I enter my name(file:///C:/Users/Balla.Thanuja/OneDrive%20-%20Coforge%20Limited/eclipse%20workspace/Selenium/UnacademyAutomation/src/test/java/Features/signup.feature:76)
Caused by: org.openqa.selenium.NoSuchElementException: no such element: Unable to locate element: {"method":"xpath","selector":"//input[@placeholder='Name']"}
  (Session info: chrome=151.0.7922.174)
For documentation on this error, please visit: https://www.selenium.dev/documentation/webdriver/troubleshooting/errors#no-such-element-exception
Build info: version: '4.10.0', revision: 'c14d967899'
System info: os.name: 'Windows 11', os.arch: 'amd64', os.version: '10.0', java.version: '21.0.12'
Driver info: org.openqa.selenium.chrome.ChromeDriver
Command: [86a6292903994abd9cd441b85d6ae963, findElement {using=xpath, value=//input[@placeholder='Name']}]
Capabilities {acceptInsecureCerts: false, browserName: chrome, browserVersion: 151.0.7922.174, chrome: {chromedriverVersion: 151.0.7922.138 (41fa8244239..., userDataDir: C:\Users\BALLA~1.THA\AppDat...}, fedcm:accounts: true, goog:chromeOptions: {debuggerAddress: localhost:64279}, goog:processID: 13828, networkConnectionEnabled: false, pageLoadStrategy: normal, platformName: windows, proxy: Proxy(), se:cdp: ws://localhost:64279/devtoo..., se:cdpVersion: 151.0.7922.174, setWindowRect: true, strictFileInteractability: false, timeouts: {implicit: 0, pageLoad: 300000, script: 30000}, unhandledPromptBehavior: dismiss and notify, webauthn:extension:credBlob: true, webauthn:extension:largeBlob: true, webauthn:extension:minPinLength: true, webauthn:extension:prf: true, webauthn:virtualAuthenticators: true}
Session ID: 86a6292903994abd9cd441b85d6ae963
at java.base/jdk.internal.reflect.DirectConstructorHandleAccessor.newInstance(DirectConstructorHandleAccessor.java:62)
at java.base/java.lang.reflect.Constructor.newInstanceWithCaller(Constructor.java:502)
at java.base/java.lang.reflect.Constructor.newInstance(Constructor.java:486)
at org.openqa.selenium.remote.codec.w3c.W3CHttpResponseCodec.createException(W3CHttpResponseCodec.java:199)
at org.openqa.selenium.remote.codec.w3c.W3CHttpResponseCodec.decode(W3CHttpResponseCodec.java:132)
at org.openqa.selenium.remote.codec.w3c.W3CHttpResponseCodec.decode(W3CHttpResponseCodec.java:51)
at org.openqa.selenium.remote.HttpCommandExecutor.execute(HttpCommandExecutor.java:191)
at org.openqa.selenium.remote.service.DriverCommandExecutor.invokeExecute(DriverCommandExecutor.java:196)
at org.openqa.selenium.remote.service.DriverCommandExecutor.execute(DriverCommandExecutor.java:171)
at org.openqa.selenium.remote.RemoteWebDriver.execute(RemoteWebDriver.java:531)
at org.openqa.selenium.remote.ElementLocation$ElementFinder$2.findElement(ElementLocation.java:165)
at org.openqa.selenium.remote.ElementLocation.findElement(ElementLocation.java:59)
at org.openqa.selenium.remote.RemoteWebDriver.findElement(RemoteWebDriver.java:350)
at org.openqa.selenium.remote.RemoteWebDriver.findElement(RemoteWebDriver.java:344)
at org.openqa.selenium.support.pagefactory.DefaultElementLocator.findElement(DefaultElementLocator.java:68)
at org.openqa.selenium.support.pagefactory.internal.LocatingElementHandler.invoke(LocatingElementHandler.java:38)
at jdk.proxy2/jdk.proxy2.$Proxy34.isDisplayed(Unknown Source)
at org.openqa.selenium.support.ui.ExpectedConditions.elementIfVisible(ExpectedConditions.java:304)
at org.openqa.selenium.support.ui.ExpectedConditions.access$000(ExpectedConditions.java:37)
at org.openqa.selenium.support.ui.ExpectedConditions$10.apply(ExpectedConditions.java:290)
at org.openqa.selenium.support.ui.ExpectedConditions$10.apply(ExpectedConditions.java:287)
at org.openqa.selenium.support.ui.FluentWait.until(FluentWait.java:205)
... 3 more
]]>
    </error>
  </testcase> <!-- runScenario -->
  <testcase classname="Runners.TestRunner" name="runScenario" time="36.965"/>
  <testcase classname="Runners.TestRunner" name="runScenario" time="9.400"/>
  <testcase classname="Runners.TestRunner" name="runScenario" time="11.772"/>
  <testcase classname="Runners.TestRunner" name="runScenario" time="37.913"/>
  <testcase classname="Runners.TestRunner" name="runScenario" time="26.512"/>
  <testcase classname="Runners.TestRunner" name="runScenario" time="70.000"/>
  <testcase classname="Runners.TestRunner" name="runScenario" time="70.045"/>
  <testcase classname="Runners.TestRunner" name="runScenario" time="7.725"/>
  <testcase classname="Runners.TestRunner" name="runScenario" time="28.317"/>
  <testcase classname="Runners.TestRunner" name="runScenario" time="20.474"/>
  <system-out>
    <![CDATA[Starting TS033 - Verify About Us page loads
About Us page opened
TS033 Passed - About Us page loaded successfully
Starting TS036 - Verify Mission & Impact section
About Us page opened
Mission & Impact heading verified
Mission description verified
Active Learners verified
Top Educators verified
TS036 Passed - Mission & Impact section verified successfully
Starting TS037 - Verify Company Achievements / Journey
About Us page opened
2015 milestone verified
2015 milestone description verified
2017 milestone verified
2018 milestone verified
2020 milestone verified
TS037 Passed - Company achievements / journey verified successfully
Starting TS038 - Verify Come Join Us and Careers navigation
About Us page opened
COME JOIN US section verified successfully
Clicked See open positions
Careers page opened successfully
TS038 Passed - Careers page and View all job openings verified
Starting TS039 - Verify Job Openings navigation
Darwinbox Careers Home opened
Open Jobs button verified successfully
Clicked We Have Open Jobs
All Jobs page opened successfully
Job search bar verified successfully
Searched for job: Business Development Executive
Job is available: Business Development Executive
View and Apply button verified successfully
TS039 Passed - Job openings navigation, search and availability verified
Starting TS041 - Verify Contact Information on About Us page
Unacademy About Us page opened
Public relations section verified successfully
Press email verified successfully
Contact us section verified successfully
Help email verified successfully
TS041 Passed - Contact information verified successfully]]>
  </system-out>
</testsuite> <!-- Runners.TestRunner -->
