<?xml version="1.0" encoding="UTF-8"?>
<!-- Generated by org.testng.reporters.JUnitReportReporter -->
<testsuite hostname="ENCDAPHYDLT0597" failures="0" tests="7" name="Tests.PaymentMatrixTest" time="32.935" errors="0" timestamp="2026-08-25T17:10:43 IST" skipped="0">
  <testcase classname="Tests.PaymentMatrixTest" name="paymentScenario" time="5.057"/>
  <testcase classname="Tests.PaymentMatrixTest" name="paymentScenario" time="4.745"/>
  <testcase classname="Tests.PaymentMatrixTest" name="paymentScenario" time="4.375"/>
  <testcase classname="Tests.PaymentMatrixTest" name="paymentScenario" time="4.714"/>
  <testcase classname="Tests.PaymentMatrixTest" name="paymentScenario" time="4.448"/>
  <testcase classname="Tests.PaymentMatrixTest" name="paymentScenario" time="5.214"/>
  <testcase classname="Tests.PaymentMatrixTest" name="paymentScenario" time="4.382"/>
  <system-out>
    <![CDATA[Starting TS033 - Verify About Us page loads
About Us page opened
TS033 Passed - About Us page loaded successfully]]>
  </system-out>
</testsuite> <!-- Tests.PaymentMatrixTest -->
