<?xml version="1.0" encoding="UTF-8"?>
<!-- Generated by org.testng.reporters.JUnitReportReporter -->
<testsuite hostname="ENCDAPHYDLT0597" failures="1" tests="1" name="Tests.TS036_MissionImpactTest" time="12.220" errors="0" timestamp="2026-08-22T17:41:05 IST" skipped="0">
  <testcase classname="Tests.TS036_MissionImpactTest" name="TS036_verifyMissionAndImpact" time="12.220">
    <failure message="Intentional failure for reporting test" type="java.lang.AssertionError">
      <![CDATA[java.lang.AssertionError: Intentional failure for reporting test
at org.testng.Assert.fail(Assert.java:111)
at Tests.TS036_MissionImpactTest.TS036_verifyMissionAndImpact(TS036_MissionImpactTest.java:60)
at java.base/jdk.internal.reflect.DirectMethodHandleAccessor.invoke(DirectMethodHandleAccessor.java:103)
at java.base/java.lang.reflect.Method.invoke(Method.java:580)
at org.testng.internal.invokers.MethodInvocationHelper.invokeMethod(MethodInvocationHelper.java:141)
at org.testng.internal.invokers.TestInvoker.invokeMethod(TestInvoker.java:697)
at org.testng.internal.invokers.TestInvoker.invokeTestMethod(TestInvoker.java:230)
at org.testng.internal.invokers.MethodRunner.runInSequence(MethodRunner.java:63)
at org.testng.internal.invokers.TestInvoker$MethodInvocationAgent.invoke(TestInvoker.java:1005)
at org.testng.internal.invokers.TestInvoker.invokeTestMethods(TestInvoker.java:203)
at org.testng.internal.invokers.TestMethodWorker.invokeTestMethods(TestMethodWorker.java:154)
at org.testng.internal.invokers.TestMethodWorker.run(TestMethodWorker.java:134)
at java.base/java.util.ArrayList.forEach(ArrayList.java:1596)
at org.testng.TestRunner.privateRun(TestRunner.java:744)
at org.testng.TestRunner.run(TestRunner.java:616)
at org.testng.SuiteRunner.runTest(SuiteRunner.java:421)
at org.testng.SuiteRunner.runSequentially(SuiteRunner.java:413)
at org.testng.SuiteRunner.privateRun(SuiteRunner.java:373)
at org.testng.SuiteRunner.run(SuiteRunner.java:312)
at org.testng.SuiteRunnerWorker.runSuite(SuiteRunnerWorker.java:52)
at org.testng.SuiteRunnerWorker.run(SuiteRunnerWorker.java:95)
at org.testng.TestNG.runSuitesSequentially(TestNG.java:1274)
at org.testng.TestNG.runSuitesLocally(TestNG.java:1208)
at org.testng.TestNG.runSuites(TestNG.java:1112)
at org.testng.TestNG.run(TestNG.java:1079)
at org.testng.remote.AbstractRemoteTestNG.run(AbstractRemoteTestNG.java:115)
at org.testng.remote.RemoteTestNG.initAndRun(RemoteTestNG.java:293)
at org.testng.remote.RemoteTestNG.main(RemoteTestNG.java:91)
]]>
    </failure>
    <system-out>
      <![CDATA[Starting TS036 - Verify Mission & Impact section
About Us page opened
Mission & Impact heading verified
Mission description verified
Active Learners verified
Top Educators verified
TS036 Passed - Mission & Impact section verified successfully]]>
    </system-out>
  </testcase> <!-- TS036_verifyMissionAndImpact -->
  <system-out>
    <![CDATA[Starting TS036 - Verify Mission & Impact section
About Us page opened
Mission & Impact heading verified
Mission description verified
Active Learners verified
Top Educators verified
TS036 Passed - Mission & Impact section verified successfully]]>
  </system-out>
</testsuite> <!-- Tests.TS036_MissionImpactTest -->
