<?xml version="1.0" encoding="UTF-8"?>
<!-- Generated by org.testng.reporters.JUnitReportReporter -->
<testsuite hostname="ENCDAPHYDLT0597" failures="0" tests="7" name="Tests.PaymentMatrixTest" time="29.401" errors="0" timestamp="2026-08-25T15:47:25 IST" skipped="0">
  <testcase classname="Tests.PaymentMatrixTest" name="paymentScenario" time="4.086"/>
  <testcase classname="Tests.PaymentMatrixTest" name="paymentScenario" time="4.556"/>
  <testcase classname="Tests.PaymentMatrixTest" name="paymentScenario" time="3.973"/>
  <testcase classname="Tests.PaymentMatrixTest" name="paymentScenario" time="4.258"/>
  <testcase classname="Tests.PaymentMatrixTest" name="paymentScenario" time="4.030"/>
  <testcase classname="Tests.PaymentMatrixTest" name="paymentScenario" time="4.318"/>
  <testcase classname="Tests.PaymentMatrixTest" name="paymentScenario" time="4.180"/>
  <system-out>
    <![CDATA[Starting TS033 - Verify About Us page loads
About Us page opened
TS033 Passed - About Us page loaded successfully]]>
  </system-out>
</testsuite> <!-- Tests.PaymentMatrixTest -->
