<?xml version="1.0" encoding="UTF-8"?>
<!-- Generated by org.testng.reporters.JUnitReportReporter -->
<testsuite hostname="ENCDAPHYDLT0597" failures="0" tests="1" name="Tests.TS033_AboutUsPageTest" time="7.617" errors="0" timestamp="2026-08-25T17:10:43 IST" skipped="0">
  <testcase classname="Tests.TS033_AboutUsPageTest" name="TS033_verifyAboutUsPageLoads" time="7.617">
    <system-out>
      <![CDATA[Starting TS033 - Verify About Us page loads
About Us page opened
TS033 Passed - About Us page loaded successfully]]>
    </system-out>
  </testcase> <!-- TS033_verifyAboutUsPageLoads -->
  <system-out>
    <![CDATA[Starting TS033 - Verify About Us page loads
About Us page opened
TS033 Passed - About Us page loaded successfully]]>
  </system-out>
</testsuite> <!-- Tests.TS033_AboutUsPageTest -->
